This is LuaTeX, Version 0.95.0 (TeX Live 2016)  (format=lualatex 2016.9.26)  26 SEP 2016 22:54
 restricted system commands enabled.
**bibliography.bib
(./bibliography.bib
LaTeX2e <2016/03/31>
Babel <3.9r> and hyphenation patterns for 1 language(s) loaded.

! LaTeX Error: Missing \begin{document}.

See the LaTeX manual or LaTeX Companion for explanation.
Type  H <return>  for immediate help.
 ...                                              
                                                  
l.10 @
    article{friggeri:2011:inria-00490195:2,
? 
! Interruption.
\GenericError  ...                                
                                                  \endgroup 
l.10 @
    article{friggeri:2011:inria-00490195:2,
? \end
Type <return> to proceed, S to scroll future error messages,
R to run without stopping, Q to run quietly,
I to insert something, E to edit your file,
H for help, X to quit.
? x


Here is how much of LuaTeX's memory you used:
 7 strings out of 495119
 100000,89155 words of node,token memory allocated 267 words of node memory still in use:
   1 hlist, 1 local_par, 1 dir, 3 glue, 32 glue_spec, 1 temp nodes
   avail lists: 2:11,3:1,4:1,7:1
 3672 multiletter control sequences out of 65536+600000
 14 fonts using 591559 bytes
 5i,0n,4p,72b,15s stack positions out of 5000i,500n,10000p,200000b,100000s

warning  (pdf backend): no pages of output.

PDF statistics: 0 PDF objects out of 1000 (max. 8388607)
 0 named destinations out of 1000 (max. 131072)
 1 words of extra memory for PDF output out of 10000 (max. 10000000)

